<?xml version="1.0" encoding="UTF-8"?>
<testsuite xmlns:xsi="http://www.w3.org/2001/XMLSchema-instance" xsi:noNamespaceSchemaLocation="https://maven.apache.org/surefire/maven-surefire-plugin/xsd/surefire-test-report.xsd" name="it.unipd.mtss.business.EShopBillTest" time="0.18" tests="7" errors="0" skipped="0" failures="0">
  <properties>
    <property name="java.specification.version" value="17"/>
    <property name="sun.cpu.isalist" value="amd64"/>
    <property name="sun.jnu.encoding" value="Cp1252"/>
    <property name="java.class.path" value="C:\Users\danil\Desktop\e-shop-manager\target\test-classes;C:\Users\danil\Desktop\e-shop-manager\target\classes;C:\Users\danil\.m2\repository\junit\junit\4.11\junit-4.11.jar;C:\Users\danil\.m2\repository\org\hamcrest\hamcrest-core\1.3\hamcrest-core-1.3.jar;"/>
    <property name="java.vm.vendor" value="Oracle Corporation"/>
    <property name="sun.arch.data.model" value="64"/>
    <property name="user.variant" value=""/>
    <property name="java.vendor.url" value="https://java.oracle.com/"/>
    <property name="user.timezone" value="Europe/Rome"/>
    <property name="os.name" value="Windows 10"/>
    <property name="java.vm.specification.version" value="17"/>
    <property name="sun.java.launcher" value="SUN_STANDARD"/>
    <property name="user.country" value="IT"/>
    <property name="sun.boot.library.path" value="C:\Program Files\Java\jdk-17.0.3\bin"/>
    <property name="sun.java.command" value="C:\Users\danil\AppData\Local\Temp\surefire17271064994008246439\surefirebooter14968373090159780344.jar C:\Users\danil\AppData\Local\Temp\surefire17271064994008246439 2022-05-18T11-47-50_965-jvmRun1 surefire12567920179333982114tmp surefire_04208301548968197444tmp"/>
    <property name="jdk.debug" value="release"/>
    <property name="surefire.test.class.path" value="C:\Users\danil\Desktop\e-shop-manager\target\test-classes;C:\Users\danil\Desktop\e-shop-manager\target\classes;C:\Users\danil\.m2\repository\junit\junit\4.11\junit-4.11.jar;C:\Users\danil\.m2\repository\org\hamcrest\hamcrest-core\1.3\hamcrest-core-1.3.jar;"/>
    <property name="sun.cpu.endian" value="little"/>
    <property name="user.home" value="C:\Users\danil"/>
    <property name="user.language" value="it"/>
    <property name="java.specification.vendor" value="Oracle Corporation"/>
    <property name="java.version.date" value="2022-04-19"/>
    <property name="java.home" value="C:\Program Files\Java\jdk-17.0.3"/>
    <property name="file.separator" value="\"/>
    <property name="basedir" value="C:\Users\danil\Desktop\e-shop-manager"/>
    <property name="java.vm.compressedOopsMode" value="Zero based"/>
    <property name="line.separator" value="&#10;"/>
    <property name="java.vm.specification.vendor" value="Oracle Corporation"/>
    <property name="java.specification.name" value="Java Platform API Specification"/>
    <property name="surefire.real.class.path" value="C:\Users\danil\AppData\Local\Temp\surefire17271064994008246439\surefirebooter14968373090159780344.jar"/>
    <property name="user.script" value=""/>
    <property name="sun.management.compiler" value="HotSpot 64-Bit Tiered Compilers"/>
    <property name="java.runtime.version" value="17.0.3+8-LTS-111"/>
    <property name="user.name" value="danil"/>
    <property name="path.separator" value=";"/>
    <property name="os.version" value="10.0"/>
    <property name="java.runtime.name" value="Java(TM) SE Runtime Environment"/>
    <property name="file.encoding" value="Cp1252"/>
    <property name="java.vm.name" value="Java HotSpot(TM) 64-Bit Server VM"/>
    <property name="localRepository" value="C:\Users\danil\.m2\repository"/>
    <property name="java.vendor.url.bug" value="https://bugreport.java.com/bugreport/"/>
    <property name="java.io.tmpdir" value="C:\Users\danil\AppData\Local\Temp\"/>
    <property name="java.version" value="17.0.3"/>
    <property name="user.dir" value="C:\Users\danil\Desktop\e-shop-manager"/>
    <property name="os.arch" value="amd64"/>
    <property name="java.vm.specification.name" value="Java Virtual Machine Specification"/>
    <property name="sun.os.patch.level" value=""/>
    <property name="native.encoding" value="Cp1252"/>
    <property name="java.library.path" value="C:\Program Files\Java\jdk-17.0.3\bin;C:\WINDOWS\Sun\Java\bin;C:\WINDOWS\system32;C:\WINDOWS;C:\Program Files\Common Files\Oracle\Java\javapath;C:\Python310\Scripts\;C:\Python310\;C:\Program Files (x86)\Common Files\Oracle\Java\javapath;C:\Windows\system32;C:\Windows;C:\Windows\System32\Wbem;C:\Windows\System32\WindowsPowerShell\v1.0\;C:\Windows\System32\OpenSSH\;C:\Program Files (x86)\NVIDIA Corporation\PhysX\Common;C:\Program Files\MATLAB\R2021a\bin;C:\WINDOWS\system32;C:\WINDOWS;C:\WINDOWS\System32\Wbem;C:\WINDOWS\System32\WindowsPowerShell\v1.0\;C:\WINDOWS\System32\OpenSSH\;C:\Program Files\Docker\Docker\resources\bin;C:\ProgramData\DockerDesktop\version-bin;C:\flutter\bin;C:\Program Files\Git\cmd;C:\Program Files\nodejs\;C:\ProgramData\chocolatey\bin;C:\Users\danil\AppData\Local\atom\bin;C:\MinGW\bin;C:\Users\danil\AppData\Local\Microsoft\WindowsApps;C:\MinGW64\bin;C:\Program Files\PostgreSQL\13\lib;C:\Program Files\PostgreSQL\13;C:\Users\danil\AppData\Local\Programs\Microsoft VS Code\bin;C:\Users\danil\AppData\Local\Microsoft\WindowsApps;C:\Users\danil\AppData\Local\GitHubDesktop\bin;C:\flutter\bin;C:\Program Files\Mercurial;C:\Users\danil\AppData\Roaming\npm;C:\apache-maven-3.8.5\bin;;."/>
    <property name="java.vm.info" value="mixed mode, sharing"/>
    <property name="java.vendor" value="Oracle Corporation"/>
    <property name="java.vm.version" value="17.0.3+8-LTS-111"/>
    <property name="sun.io.unicode.encoding" value="UnicodeLittle"/>
    <property name="java.class.version" value="61.0"/>
  </properties>
  <testcase name="getOrderPriceErrorWithMoreThan30Orders" classname="it.unipd.mtss.business.EShopBillTest" time="0.021"/>
  <testcase name="getOrderPriceWithDiscountWhenFiveProcessorsBought" classname="it.unipd.mtss.business.EShopBillTest" time="0.001"/>
  <testcase name="getOrderPriceFromListOfItems" classname="it.unipd.mtss.business.EShopBillTest" time="0.003"/>
  <testcase name="getOrderPriceWithDiscontWhenTotalIsBiggerThan1000" classname="it.unipd.mtss.business.EShopBillTest" time="0.003"/>
  <testcase name="getOrderPriceWithDiscontWhenSameAmountKeybordsAndMouses" classname="it.unipd.mtss.business.EShopBillTest" time="0.003"/>
  <testcase name="getOrderPriceWithFreeMouseWhenAtLeast10AreBought" classname="it.unipd.mtss.business.EShopBillTest" time="0.003"/>
  <testcase name="getOrderPriceWithAdditionalCostsSinceTotalIsLessThan10" classname="it.unipd.mtss.business.EShopBillTest" time="0.002"/>
</testsuite>